{"C:\\Users\\veris\\Downloads\\school-repo-test\\src\\common\\Text.tsx": {"path":"C:\\Users\\veris\\Downloads\\school-repo-test\\src\\common\\Text.tsx","statementMap":{"0":{"start":{"line":1,"column":20},"end":{"line":3,"column":1}},"1":{"start":{"line":2,"column":4},"end":{"line":2,"column":42}},"2":{"start":{"line":1,"column":13},"end":{"line":1,"column":20}}},"fnMap":{"0":{"name":"(anonymous_0)","decl":{"start":{"line":1,"column":20},"end":{"line":1,"column":21}},"loc":{"start":{"line":1,"column":81},"end":{"line":3,"column":1}}}},"branchMap":{},"s":{"0":2,"1":7,"2":2},"f":{"0":7},"b":{}}
,"C:\\Users\\veris\\Downloads\\school-repo-test\\src\\components\\Schools.tsx": {"path":"C:\\Users\\veris\\Downloads\\school-repo-test\\src\\components\\Schools.tsx","statementMap":{"0":{"start":{"line":1,"column":0},"end":{"line":1,"column":33}},"1":{"start":{"line":2,"column":0},"end":{"line":2,"column":38}},"2":{"start":{"line":3,"column":0},"end":{"line":3,"column":45}},"3":{"start":{"line":10,"column":23},"end":{"line":41,"column":1}},"4":{"start":{"line":11,"column":23},"end":{"line":11,"column":33}},"5":{"start":{"line":12,"column":44},"end":{"line":15,"column":6}},"6":{"start":{"line":18,"column":22},"end":{"line":25,"column":5}},"7":{"start":{"line":19,"column":23},"end":{"line":19,"column":35}},"8":{"start":{"line":21,"column":29},"end":{"line":21,"column":54}},"9":{"start":{"line":22,"column":24},"end":{"line":22,"column":62}},"10":{"start":{"line":22,"column":39},"end":{"line":22,"column":61}},"11":{"start":{"line":24,"column":8},"end":{"line":24,"column":49}},"12":{"start":{"line":27,"column":4},"end":{"line":40,"column":null}},"13":{"start":{"line":30,"column":16},"end":{"line":37,"column":null}},"14":{"start":{"line":10,"column":13},"end":{"line":10,"column":23}}},"fnMap":{"0":{"name":"(anonymous_0)","decl":{"start":{"line":10,"column":23},"end":{"line":10,"column":26}},"loc":{"start":{"line":10,"column":28},"end":{"line":41,"column":1}}},"1":{"name":"(anonymous_1)","decl":{"start":{"line":18,"column":22},"end":{"line":18,"column":23}},"loc":{"start":{"line":18,"column":37},"end":{"line":25,"column":5}}},"2":{"name":"(anonymous_2)","decl":{"start":{"line":22,"column":34},"end":{"line":22,"column":35}},"loc":{"start":{"line":22,"column":39},"end":{"line":22,"column":61}}},"3":{"name":"(anonymous_3)","decl":{"start":{"line":29,"column":28},"end":{"line":29,"column":29}},"loc":{"start":{"line":29,"column":39},"end":{"line":38,"column":13}}}},"branchMap":{"0":{"loc":{"start":{"line":11,"column":23},"end":{"line":11,"column":33}},"type":"binary-expr","locations":[{"start":{"line":11,"column":23},"end":{"line":11,"column":27}},{"start":{"line":11,"column":31},"end":{"line":11,"column":33}}]},"1":{"loc":{"start":{"line":33,"column":25},"end":{"line":34,"column":null}},"type":"binary-expr","locations":[{"start":{"line":33,"column":25},"end":{"line":33,"column":51}},{"start":{"line":34,"column":28},"end":{"line":34,"column":68}}]}},"s":{"0":1,"1":1,"2":1,"3":1,"4":4,"5":4,"6":3,"7":1,"8":1,"9":1,"10":1,"11":1,"12":3,"13":6,"14":1},"f":{"0":4,"1":1,"2":1,"3":6},"b":{"0":[4,0],"1":[6,1]}}
}
