TN:
SF:src\common\Text.tsx
FN:1,(anonymous_0)
FNF:1
FNH:1
FNDA:7,(anonymous_0)
DA:1,2
DA:2,7
LF:2
LH:2
BRF:0
BRH:0
end_of_record
TN:
SF:src\components\Schools.tsx
FN:10,(anonymous_0)
FN:18,(anonymous_1)
FN:22,(anonymous_2)
FN:29,(anonymous_3)
FNF:4
FNH:4
FNDA:4,(anonymous_0)
FNDA:1,(anonymous_1)
FNDA:1,(anonymous_2)
FNDA:6,(anonymous_3)
DA:1,1
DA:2,1
DA:3,1
DA:10,1
DA:11,4
DA:12,4
DA:18,3
DA:19,1
DA:21,1
DA:22,1
DA:24,1
DA:27,3
DA:30,6
LF:13
LH:13
BRDA:11,0,0,4
BRDA:11,0,1,0
BRDA:33,1,0,6
BRDA:33,1,1,1
BRF:4
BRH:3
end_of_record
